<?xml version="1.0" encoding="UTF-8"?>
<testng-results ignored="0" total="1" passed="1" failed="0" skipped="0">
  <reporter-output>
  </reporter-output>
  <suite started-at="2021-09-08T12:55:24 PKT" name="Default suite" finished-at="2021-09-08T13:00:33 PKT" duration-ms="309573">
    <groups>
    </groups>
    <test started-at="2021-09-08T12:55:24 PKT" name="Default test" finished-at="2021-09-08T13:00:33 PKT" duration-ms="309573">
      <class name="Tests.OneTimePassword">
        <test-method signature="TestCase1()[pri:3, instance:Tests.OneTimePassword@3c0fae6c]" started-at="2021-09-08T12:55:24 PKT" name="TestCase1" finished-at="2021-09-08T13:00:33 PKT" duration-ms="309503" status="PASS">
          <reporter-output>
          </reporter-output>
        </test-method> <!-- TestCase1 -->
      </class> <!-- Tests.OneTimePassword -->
    </test> <!-- Default test -->
  </suite> <!-- Default suite -->
</testng-results>
